<?xml version="1.0" encoding="UTF-8"?>
<robot generator="Robot 3.2.1 (Python 3.8.3 on win32)" generated="20200716 17:56:13.373" rpa="false">
<suite id="s1" name="Counts" source="D:\jiangbm\XFJ_Old\App_Views\Counts.robot">
<kw name="Create Session Common" library="Common" type="setup">
<kw name="Create Session" library="RequestsLibrary">
<doc>Create Session: create a HTTP session to a server</doc>
<arguments>
<arg>${API_ALIAS}</arg>
<arg>${APP_URL}</arg>
</arguments>
<msg timestamp="20200716 17:56:13.714" level="INFO">Creating Session using : alias=api, url=http://api.fjdaily.com, headers={},                     cookies={}, auth=None, timeout=None, proxies=None, verify=False,                     debug=0 </msg>
<status status="PASS" starttime="20200716 17:56:13.714" endtime="20200716 17:56:13.714"></status>
</kw>
<status status="PASS" starttime="20200716 17:56:13.714" endtime="20200716 17:56:13.714"></status>
</kw>
<test id="s1-t1" name="获取版本信息，接口返回成功">
<kw name="Counts" library="ViewsCommon">
<doc>状态更新和所有数更新</doc>
<arguments>
<arg>${ARTICLEID}</arg>
</arguments>
<kw name="Create Dictionary" library="BuiltIn">
<doc>Creates and returns a dictionary based on the given ``items``.</doc>
<arguments>
<arg>articleid=${articleid}</arg>
</arguments>
<assign>
<var>${params}</var>
</assign>
<msg timestamp="20200716 17:56:13.714" level="INFO">${params} = {'articleid': '3775748498883584_cms_3775748498883584'}</msg>
<status status="PASS" starttime="20200716 17:56:13.714" endtime="20200716 17:56:13.714"></status>
</kw>
<kw name="Create Dictionary" library="BuiltIn">
<doc>Creates and returns a dictionary based on the given ``items``.</doc>
<arguments>
<arg>Content-Type=application/x-www-form-urlencoded</arg>
</arguments>
<assign>
<var>${headers}</var>
</assign>
<msg timestamp="20200716 17:56:13.714" level="INFO">${headers} = {'Content-Type': 'application/x-www-form-urlencoded'}</msg>
<status status="PASS" starttime="20200716 17:56:13.714" endtime="20200716 17:56:13.714"></status>
</kw>
<kw name="Post Request" library="RequestsLibrary">
<doc>Send a POST request on the session object found using the
given `alias`</doc>
<arguments>
<arg>${API_ALIAS}</arg>
<arg>${COUNTS_URI}</arg>
<arg>params=${params}</arg>
<arg>headers=${headers}</arg>
</arguments>
<assign>
<var>${response}</var>
</assign>
<msg timestamp="20200716 17:56:13.847" level="INFO">POST Request : url=http://api.fjdaily.com/views/counts?articleid=3775748498883584_cms_3775748498883584 
 path_url=/views/counts?articleid=3775748498883584_cms_3775748498883584 
 headers={'User-Agent': 'python-requests/2.23.0', 'Accept-Encoding': 'gzip, deflate', 'Accept': '*/*', 'Connection': 'keep-alive', 'Content-Type': 'application/x-www-form-urlencoded', 'Content-Length': '0'} 
 body=None 
 </msg>
<msg timestamp="20200716 17:56:13.847" level="INFO">POST Response : url=http://api.fjdaily.com/views/counts?articleid=3775748498883584_cms_3775748498883584 
 status=200, reason=OK 
 body={"result":{"errorCode":1,"errorMsg":"no data","responseTimestamp":1594893374,"httpResponseCode":"200","hasMoreData":false},"data":[]} 
 </msg>
<msg timestamp="20200716 17:56:13.847" level="INFO">${response} = &lt;Response [200]&gt;</msg>
<status status="PASS" starttime="20200716 17:56:13.714" endtime="20200716 17:56:13.847"></status>
</kw>
<kw name="To Json" library="RequestsLibrary">
<doc>Convert a string to a JSON object</doc>
<arguments>
<arg>${response.content}</arg>
</arguments>
<assign>
<var>${jsondata}</var>
</assign>
<msg timestamp="20200716 17:56:13.847" level="INFO">To JSON using : content={"result":{"errorCode":1,"errorMsg":"no data","responseTimestamp":1594893374,"httpResponseCode":"200","hasMoreData":false},"data":[]} </msg>
<msg timestamp="20200716 17:56:13.847" level="INFO">To JSON using : pretty_print=False </msg>
<msg timestamp="20200716 17:56:13.847" level="INFO">${jsondata} = {'result': {'errorCode': 1, 'errorMsg': 'no data', 'responseTimestamp': 1594893374, 'httpResponseCode': '200', 'hasMoreData': False}, 'data': []}</msg>
<status status="PASS" starttime="20200716 17:56:13.847" endtime="20200716 17:56:13.847"></status>
</kw>
<kw name="Set Suite Variable" library="BuiltIn">
<doc>Makes a variable available everywhere within the scope of the current suite.</doc>
<arguments>
<arg>${response_data}</arg>
<arg>${jsondata}[data]</arg>
</arguments>
<msg timestamp="20200716 17:56:13.857" level="INFO">${response_data} = []</msg>
<status status="PASS" starttime="20200716 17:56:13.847" endtime="20200716 17:56:13.858"></status>
</kw>
<kw name="Set Suite Variable" library="BuiltIn">
<doc>Makes a variable available everywhere within the scope of the current suite.</doc>
<arguments>
<arg>${response_result}</arg>
<arg>${jsondata}[result]</arg>
</arguments>
<msg timestamp="20200716 17:56:13.859" level="INFO">${response_result} = {'errorCode': 1, 'errorMsg': 'no data', 'responseTimestamp': 1594893374, 'httpResponseCode': '200', 'hasMoreData': False}</msg>
<status status="PASS" starttime="20200716 17:56:13.858" endtime="20200716 17:56:13.859"></status>
</kw>
<status status="PASS" starttime="20200716 17:56:13.714" endtime="20200716 17:56:13.859"></status>
</kw>
<kw name="Get From Dictionary" library="Collections">
<doc>Returns a value from the given ``dictionary`` based on the given ``key``.</doc>
<arguments>
<arg>${response_result}</arg>
<arg>errorCode</arg>
</arguments>
<assign>
<var>${errorcode}</var>
</assign>
<msg timestamp="20200716 17:56:13.859" level="INFO">${errorcode} = 1</msg>
<status status="PASS" starttime="20200716 17:56:13.859" endtime="20200716 17:56:13.860"></status>
</kw>
<kw name="Should Be Equal As Strings" library="BuiltIn">
<doc>Fails if objects are unequal after converting them to strings.</doc>
<arguments>
<arg>${errorcode}</arg>
<arg>${RESULT}</arg>
</arguments>
<msg timestamp="20200716 17:56:13.860" level="INFO">Argument types are:
&lt;class 'int'&gt;
&lt;type 'unicode'&gt;</msg>
<status status="PASS" starttime="20200716 17:56:13.860" endtime="20200716 17:56:13.860"></status>
</kw>
<kw name="Should Be Empty" library="BuiltIn">
<doc>Verifies that the given item is empty.</doc>
<arguments>
<arg>${response_data}</arg>
</arguments>
<msg timestamp="20200716 17:56:13.861" level="INFO">Length is 0</msg>
<status status="PASS" starttime="20200716 17:56:13.860" endtime="20200716 17:56:13.861"></status>
</kw>
<tags>
<tag>Views状态更新和所有数更新</tag>
<tag>作者：江宝敏</tag>
<tag>冒烟集-新福建APP</tag>
</tags>
<status status="PASS" starttime="20200716 17:56:13.714" endtime="20200716 17:56:13.861" critical="yes"></status>
</test>
<kw name="Delete All Sessions" library="RequestsLibrary" type="teardown">
<doc>Removes all the session objects</doc>
<msg timestamp="20200716 17:56:13.863" level="INFO">Delete All Sessions</msg>
<status status="PASS" starttime="20200716 17:56:13.862" endtime="20200716 17:56:13.863"></status>
</kw>
<doc>此文档是获取状态更新和所有数更新接口文档</doc>
<status status="PASS" starttime="20200716 17:56:13.378" endtime="20200716 17:56:13.863"></status>
</suite>
<statistics>
<total>
<stat pass="1" fail="0">Critical Tests</stat>
<stat pass="1" fail="0">All Tests</stat>
</total>
<tag>
<stat pass="1" fail="0">Views状态更新和所有数更新</stat>
<stat pass="1" fail="0">作者：江宝敏</stat>
<stat pass="1" fail="0">冒烟集-新福建APP</stat>
</tag>
<suite>
<stat pass="1" fail="0" id="s1" name="Counts">Counts</stat>
</suite>
</statistics>
<errors>
</errors>
</robot>
